5.5790 	WARNING 	We strongly recommend you activate the PTB sound engine in PsychoPy prefs as the preferred audio engine. Its timing is vastly superior. Your prefs are currently set to use ['sounddevice', 'PTB', 'pyo', 'pygame'] (in that order).
19.3597 	WARNING 	User requested fullscreen with size [1024  768], but screen is actually [1366, 768]. Using actual size
23.2040 	EXP 	Created window1 = Window(allowGUI=True, allowStencil=False, autoLog=True, backendConf=UNKNOWN, bitsMode=UNKNOWN, blendMode='avg', bpc=(8, 8, 8), color=array([0, 0, 0]), colorSpace='rgb', depthBits=8, fullscr=<method-wrapper '__getattribute__' of attributeSetter object at 0x000001867D9FF040>, gamma=None, gammaErrorPolicy='raise', lms=UNKNOWN, monitor=<psychopy.monitors.calibTools.Monitor object at 0x00000186C05FD3D0>, multiSample=False, name='window1', numSamples=2, pos=(0, 0), screen=0, size=array([1366,  768]), stencilBits=0, stereo=False, units='height', useFBO=True, useRetina=False, viewOri=0.0, viewPos=None, viewScale=None, waitBlanking=True, winType='pyglet')
23.2041 	EXP 	window1: mouseVisible = True
23.2043 	EXP 	window1: mouseVisible = False
23.2043 	EXP 	window1: Attempting to measure frame rate of screen (0) ...
23.2044 	EXP 	window1: recordFrameIntervals = False
23.3721 	EXP 	window1: recordFrameIntervals = True
23.5555 	EXP 	Screen (0) actual frame rate measured at 60.06Hz
23.5555 	EXP 	window1: recordFrameIntervals = False
31.6283 	EXP 	Created polygon = ShapeStim(__class__=<class 'psychopy.visual.shape.ShapeStim'>, anchor=('center', 'center'), autoDraw=False, autoLog=True, closeShape=True, color=method-wrapper(...), colorSpace='rgb', contrast=None, depth=0.0, fillColor=array([1, 1, 1]), fillColorSpace='rgb', fillRGB=array([1, 1, 1]), interpolate=True, lineColor=array([1., 1., 1.]), lineColorSpace='rgb', lineRGB=array([1, 1, 1]), lineWidth=1.0, name='polygon', opacity=1.0, ori=0.0, pos=array([0., 0.]), size=array([0.2, 0.2]), units='height', vertices=ndarray(...), win=Window(...), windingRule=None)
31.6468 	EXP 	Created polygon_2 = ShapeStim(__class__=<class 'psychopy.visual.shape.ShapeStim'>, anchor=('center', 'center'), autoDraw=False, autoLog=True, closeShape=True, color=method-wrapper(...), colorSpace='rgb', contrast=None, depth=-1.0, fillColor=array([-1.    ,  0.0039, -1.    ]), fillColorSpace='rgb', fillRGB=array([-1.    ,  0.0039, -1.    ]), interpolate=True, lineColor=array([-1.    ,  0.0039, -1.    ]), lineColorSpace='rgb', lineRGB=array([-1.    ,  0.0039, -1.    ]), lineWidth=1.0, name='polygon_2', opacity=1.0, ori=0.0, pos=array([0., 0.]), size=array([0.2, 0.2]), units='height', vertices=ndarray(...), win=Window(...), windingRule=None)
31.7406 	EXP 	Sound sound_1 set volume 1.000
32.7014 	EXP 	Created text = TextStim(__class__=<class 'psychopy.visual.text.TextStim'>, alignHoriz=method-wrapper(...), alignText='center', alignVert=method-wrapper(...), anchorHoriz='center', anchorVert='center', antialias=True, autoDraw=False, autoLog=True, bold=False, color=array([1., 1., 1.]), colorSpace='rgb', contrast=1.0, depth=0.0, flipHoriz=False, flipVert=False, font='Open Sans', fontFiles=[], height=0.05000000000000001, italic=False, languageStyle='LTR', name='text', opacity=1.0, ori=0.0, pos=array([0. , 0.3]), rgb=UNKNOWN, text=str(...), units='height', win=Window(...), wrapWidth=1)
32.8518 	EXP 	window1: mouseVisible = True
32.8721 	EXP 	Imported C:/Users/Dell/Desktop/binding task excel.xlsx as conditions, 12 conditions, 3 params
32.9224 	EXP 	Created sequence: random, trialTypes=12, nReps=5, seed=None
32.9235 	EXP 	New trial (rep=0, index=0): {'delay': 0.4, 'freq': 400, 'condition': 'unexp'}
33.0116 	EXP 	textbox: autoLog = True
33.0116 	EXP 	polygon: autoDraw = True
33.8546 	EXP 	polygon_2: autoDraw = True
34.0215 	EXP 	polygon: autoDraw = False
34.1740 	DATA 	Keypress: space
34.1950 	EXP 	polygon: autoDraw = False
34.1950 	EXP 	polygon_2: autoDraw = False
34.9232 	EXP 	text: autoDraw = True
34.9232 	EXP 	textbox: autoDraw = True
36.0542 	DATA 	Keypress: num_4
36.2212 	DATA 	Keypress: num_5
37.4279 	DATA 	Mouse: Left button down, pos=(707,156)
37.4396 	EXP 	New trial (rep=0, index=1): {'delay': 0.1, 'freq': 1000, 'condition': 'exp'}
37.4536 	EXP 	text: autoDraw = False
37.4536 	EXP 	textbox: autoDraw = False
37.4536 	EXP 	polygon: autoDraw = True
37.6572 	DATA 	Mouse:  Left button up, pos=(707,156)
38.4390 	EXP 	polygon_2: autoDraw = True
38.4565 	EXP 	polygon: autoDraw = False
39.9789 	DATA 	Keypress: space
39.9901 	EXP 	polygon: autoDraw = False
39.9901 	EXP 	polygon_2: autoDraw = False
40.4190 	EXP 	text: autoDraw = True
40.4190 	EXP 	textbox: autoDraw = True
41.3042 	DATA 	Keypress: num_8
41.5268 	DATA 	Keypress: num_8
42.3438 	DATA 	Mouse: Left button down, pos=(707,156)
42.3561 	EXP 	New trial (rep=0, index=2): {'delay': 0.4, 'freq': 1000, 'condition': 'exp'}
42.3708 	EXP 	text: autoDraw = False
42.3708 	EXP 	textbox: autoDraw = False
42.3708 	EXP 	polygon: autoDraw = True
42.5791 	DATA 	Mouse:  Left button up, pos=(707,156)
43.3556 	EXP 	polygon_2: autoDraw = True
43.3728 	EXP 	polygon: autoDraw = False
43.8737 	DATA 	Keypress: space
43.8872 	EXP 	polygon: autoDraw = False
43.8872 	EXP 	polygon_2: autoDraw = False
44.5708 	EXP 	text: autoDraw = True
44.5708 	EXP 	textbox: autoDraw = True
44.9860 	DATA 	Keypress: num_3
45.1608 	DATA 	Keypress: num_5
46.2214 	DATA 	Mouse: Left button down, pos=(707,156)
46.2232 	EXP 	New trial (rep=0, index=3): {'delay': 0.4, 'freq': 1000, 'condition': 'exp'}
46.2375 	EXP 	text: autoDraw = False
46.2375 	EXP 	textbox: autoDraw = False
46.2375 	EXP 	polygon: autoDraw = True
46.4627 	DATA 	Mouse:  Left button up, pos=(707,156)
47.2228 	EXP 	polygon_2: autoDraw = True
47.2391 	EXP 	polygon: autoDraw = False
48.2777 	DATA 	Keypress: space
48.2893 	EXP 	polygon: autoDraw = False
48.2893 	EXP 	polygon_2: autoDraw = False
49.0046 	EXP 	text: autoDraw = True
49.0046 	EXP 	textbox: autoDraw = True
49.4354 	DATA 	Keypress: num_1
49.6278 	DATA 	Keypress: num_1
50.3780 	DATA 	Mouse: Left button down, pos=(707,156)
50.3893 	EXP 	New trial (rep=0, index=4): {'delay': 0.1, 'freq': 400, 'condition': 'unexp'}
50.4041 	EXP 	text: autoDraw = False
50.4041 	EXP 	textbox: autoDraw = False
50.4041 	EXP 	polygon: autoDraw = True
50.6118 	DATA 	Mouse:  Left button up, pos=(707,156)
51.4042 	EXP 	polygon: autoDraw = False
51.4042 	EXP 	polygon_2: autoDraw = True
51.6402 	DATA 	Keypress: space
51.6546 	EXP 	polygon: autoDraw = False
51.6546 	EXP 	polygon_2: autoDraw = False
52.0545 	EXP 	text: autoDraw = True
52.0545 	EXP 	textbox: autoDraw = True
52.7105 	DATA 	Keypress: num_7
52.9377 	DATA 	Keypress: num_7
53.7548 	DATA 	Mouse: Left button down, pos=(707,156)
53.7564 	EXP 	New trial (rep=0, index=5): {'delay': 0.4, 'freq': 1000, 'condition': 'exp'}
53.7712 	EXP 	text: autoDraw = False
53.7712 	EXP 	textbox: autoDraw = False
53.7712 	EXP 	polygon: autoDraw = True
53.9734 	DATA 	Mouse:  Left button up, pos=(707,156)
54.7558 	EXP 	polygon_2: autoDraw = True
54.7733 	EXP 	polygon: autoDraw = False
55.0749 	DATA 	Keypress: space
55.0882 	EXP 	polygon: autoDraw = False
55.0882 	EXP 	polygon_2: autoDraw = False
55.7066 	DATA 	Keypress: num_4
55.7761 	EXP 	text: autoDraw = True
55.7761 	EXP 	textbox: autoDraw = True
55.7882 	DATA 	Keypress: num_5
55.8617 	DATA 	Keypress: num_6
56.6699 	DATA 	Mouse: Left button down, pos=(707,156)
56.6793 	EXP 	New trial (rep=0, index=6): {'delay': 0.1, 'freq': 1000, 'condition': 'exp'}
56.6897 	EXP 	text: autoDraw = False
56.6897 	EXP 	textbox: autoDraw = False
56.6897 	EXP 	polygon: autoDraw = True
56.9067 	DATA 	Mouse:  Left button up, pos=(707,156)
57.6879 	EXP 	polygon_2: autoDraw = True
57.7047 	EXP 	polygon: autoDraw = False
58.1459 	DATA 	Keypress: space
58.1568 	EXP 	polygon: autoDraw = False
58.1568 	EXP 	polygon_2: autoDraw = False
58.5766 	EXP 	text: autoDraw = True
58.5766 	EXP 	textbox: autoDraw = True
59.3214 	DATA 	Keypress: num_8
59.4382 	DATA 	Keypress: num_7
59.5215 	DATA 	Keypress: num_4
60.3775 	DATA 	Mouse: Left button down, pos=(707,156)
60.3881 	EXP 	New trial (rep=0, index=7): {'delay': 0.7, 'freq': 1000, 'condition': 'exp'}
60.4047 	EXP 	text: autoDraw = False
60.4047 	EXP 	textbox: autoDraw = False
60.4047 	EXP 	polygon: autoDraw = True
60.6107 	DATA 	Mouse:  Left button up, pos=(707,156)
61.3880 	EXP 	polygon_2: autoDraw = True
61.4047 	EXP 	polygon: autoDraw = False
62.9288 	DATA 	Keypress: space
62.9560 	EXP 	polygon: autoDraw = False
62.9560 	EXP 	polygon_2: autoDraw = False
63.9757 	EXP 	text: autoDraw = True
63.9757 	EXP 	textbox: autoDraw = True
64.2277 	DATA 	Keypress: num_3
64.3786 	DATA 	Keypress: num_1
65.2883 	DATA 	Mouse: Left button down, pos=(707,156)
65.2897 	EXP 	New trial (rep=0, index=8): {'delay': 0.7, 'freq': 1000, 'condition': 'exp'}
65.3045 	EXP 	text: autoDraw = False
65.3045 	EXP 	textbox: autoDraw = False
65.3045 	EXP 	polygon: autoDraw = True
65.5072 	DATA 	Mouse:  Left button up, pos=(707,156)
66.3049 	EXP 	polygon: autoDraw = False
66.3049 	EXP 	polygon_2: autoDraw = True
66.8243 	DATA 	Keypress: space
66.8378 	EXP 	polygon: autoDraw = False
66.8378 	EXP 	polygon_2: autoDraw = False
67.8404 	EXP 	text: autoDraw = True
67.8404 	EXP 	textbox: autoDraw = True
68.0056 	DATA 	Keypress: num_7
68.1494 	DATA 	Keypress: num_8
69.0964 	DATA 	Mouse: Left button down, pos=(707,156)
69.1065 	EXP 	New trial (rep=0, index=9): {'delay': 0.7, 'freq': 400, 'condition': 'unexp'}
69.1211 	EXP 	text: autoDraw = False
69.1211 	EXP 	textbox: autoDraw = False
69.1211 	EXP 	polygon: autoDraw = True
69.3243 	DATA 	Mouse:  Left button up, pos=(707,156)
70.1211 	EXP 	polygon: autoDraw = False
70.1211 	EXP 	polygon_2: autoDraw = True
70.6124 	DATA 	Keypress: space
70.6235 	EXP 	polygon: autoDraw = False
70.6235 	EXP 	polygon_2: autoDraw = False
71.6271 	EXP 	text: autoDraw = True
71.6271 	EXP 	textbox: autoDraw = True
71.9537 	DATA 	Keypress: num_4
71.9618 	DATA 	Keypress: num_5
73.1614 	DATA 	Keypress: num_6
73.8784 	DATA 	Mouse: Left button down, pos=(707,156)
73.8895 	EXP 	New trial (rep=0, index=10): {'delay': 0.1, 'freq': 1000, 'condition': 'exp'}
73.9048 	EXP 	text: autoDraw = False
73.9048 	EXP 	textbox: autoDraw = False
73.9048 	EXP 	polygon: autoDraw = True
74.1073 	DATA 	Mouse:  Left button up, pos=(707,156)
74.9049 	EXP 	polygon: autoDraw = False
74.9049 	EXP 	polygon_2: autoDraw = True
75.8757 	DATA 	Keypress: space
75.8886 	EXP 	polygon: autoDraw = False
75.8886 	EXP 	polygon_2: autoDraw = False
76.2928 	EXP 	text: autoDraw = True
76.2928 	EXP 	textbox: autoDraw = True
76.8290 	DATA 	Keypress: num_1
77.0618 	DATA 	Keypress: num_0
77.7116 	DATA 	Mouse: Left button down, pos=(707,156)
77.7236 	EXP 	New trial (rep=0, index=11): {'delay': 0.7, 'freq': 1000, 'condition': 'exp'}
77.7382 	EXP 	text: autoDraw = False
77.7382 	EXP 	textbox: autoDraw = False
77.7382 	EXP 	polygon: autoDraw = True
77.9246 	DATA 	Mouse:  Left button up, pos=(707,156)
78.7229 	EXP 	polygon_2: autoDraw = True
78.7400 	EXP 	polygon: autoDraw = False
79.0589 	DATA 	Keypress: space
79.0718 	EXP 	polygon: autoDraw = False
79.0718 	EXP 	polygon_2: autoDraw = False
80.0730 	EXP 	text: autoDraw = True
80.0730 	EXP 	textbox: autoDraw = True
80.2124 	DATA 	Keypress: num_9
80.4220 	DATA 	Keypress: num_5
80.8946 	DATA 	Keypress: num_1
81.5452 	DATA 	Mouse: Left button down, pos=(707,156)
81.5572 	EXP 	New trial (rep=1, index=0): {'delay': 0.4, 'freq': 1000, 'condition': 'exp'}
81.5718 	EXP 	text: autoDraw = False
81.5718 	EXP 	textbox: autoDraw = False
81.5718 	EXP 	polygon: autoDraw = True
81.7737 	DATA 	Mouse:  Left button up, pos=(707,156)
82.5723 	EXP 	polygon: autoDraw = False
82.5723 	EXP 	polygon_2: autoDraw = True
83.1929 	DATA 	Keypress: space
83.2057 	EXP 	polygon: autoDraw = False
83.2057 	EXP 	polygon_2: autoDraw = False
83.9245 	EXP 	text: autoDraw = True
83.9245 	EXP 	textbox: autoDraw = True
84.2608 	DATA 	Keypress: num_5
84.4557 	DATA 	Keypress: num_6
84.6944 	DATA 	Keypress: num_1
85.4150 	DATA 	Mouse: Left button down, pos=(707,156)
85.4267 	EXP 	New trial (rep=1, index=1): {'delay': 0.7, 'freq': 1000, 'condition': 'exp'}
85.4408 	EXP 	text: autoDraw = False
85.4408 	EXP 	textbox: autoDraw = False
85.4408 	EXP 	polygon: autoDraw = True
85.6294 	DATA 	Mouse:  Left button up, pos=(707,156)
86.4402 	EXP 	polygon: autoDraw = False
86.4402 	EXP 	polygon_2: autoDraw = True
86.7923 	DATA 	Keypress: space
86.8049 	EXP 	polygon: autoDraw = False
86.8049 	EXP 	polygon_2: autoDraw = False
87.8219 	EXP 	text: autoDraw = True
87.8219 	EXP 	textbox: autoDraw = True
88.1221 	DATA 	Keypress: num_1
88.3054 	DATA 	Keypress: num_1
88.7394 	DATA 	Keypress: num_3
89.5953 	DATA 	Mouse: Left button down, pos=(707,156)
89.6072 	EXP 	New trial (rep=1, index=2): {'delay': 0.1, 'freq': 1000, 'condition': 'exp'}
89.6218 	EXP 	text: autoDraw = False
89.6218 	EXP 	textbox: autoDraw = False
89.6218 	EXP 	polygon: autoDraw = True
89.8245 	DATA 	Mouse:  Left button up, pos=(707,156)
90.6067 	EXP 	polygon_2: autoDraw = True
90.6232 	EXP 	polygon: autoDraw = False
91.4087 	DATA 	Keypress: space
91.4394 	EXP 	polygon: autoDraw = False
91.4394 	EXP 	polygon_2: autoDraw = False
91.8413 	EXP 	text: autoDraw = True
91.8413 	EXP 	textbox: autoDraw = True
92.6450 	DATA 	Keypress: num_8
92.7725 	DATA 	Keypress: num_4
93.6112 	DATA 	Keypress: num_3
94.6071 	DATA 	Mouse: Left button down, pos=(707,156)
94.6087 	EXP 	New trial (rep=1, index=3): {'delay': 0.7, 'freq': 400, 'condition': 'unexp'}
94.6215 	EXP 	text: autoDraw = False
94.6215 	EXP 	textbox: autoDraw = False
94.6215 	EXP 	polygon: autoDraw = True
94.8469 	DATA 	Mouse:  Left button up, pos=(707,156)
95.6231 	EXP 	polygon: autoDraw = False
95.6231 	EXP 	polygon_2: autoDraw = True
95.9437 	DATA 	Keypress: space
95.9563 	EXP 	polygon: autoDraw = False
95.9563 	EXP 	polygon_2: autoDraw = False
96.9560 	EXP 	text: autoDraw = True
96.9560 	EXP 	textbox: autoDraw = True
97.2164 	DATA 	Keypress: num_0
97.4744 	DATA 	Keypress: num_2
97.6394 	DATA 	Keypress: num_6
98.7306 	DATA 	Mouse: Left button down, pos=(707,156)
98.7415 	EXP 	New trial (rep=1, index=4): {'delay': 0.1, 'freq': 400, 'condition': 'unexp'}
98.7555 	EXP 	text: autoDraw = False
98.7555 	EXP 	textbox: autoDraw = False
98.7555 	EXP 	polygon: autoDraw = True
98.9622 	DATA 	Mouse:  Left button up, pos=(707,156)
99.7405 	EXP 	polygon_2: autoDraw = True
99.7571 	EXP 	polygon: autoDraw = False
100.3301 	DATA 	Keypress: space
100.3414 	EXP 	polygon: autoDraw = False
100.3414 	EXP 	polygon_2: autoDraw = False
100.7567 	EXP 	text: autoDraw = True
100.7567 	EXP 	textbox: autoDraw = True
101.7232 	DATA 	Keypress: num_3
101.7468 	DATA 	Keypress: num_5
101.8388 	DATA 	Keypress: num_1
102.6730 	DATA 	Mouse: Left button down, pos=(707,156)
102.6747 	EXP 	New trial (rep=1, index=5): {'delay': 0.7, 'freq': 1000, 'condition': 'exp'}
102.6890 	EXP 	text: autoDraw = False
102.6890 	EXP 	textbox: autoDraw = False
102.6890 	EXP 	polygon: autoDraw = True
102.8943 	DATA 	Mouse:  Left button up, pos=(707,156)
103.6888 	EXP 	polygon: autoDraw = False
103.6888 	EXP 	polygon_2: autoDraw = True
105.1275 	DATA 	Keypress: space
105.1410 	EXP 	polygon: autoDraw = False
105.1410 	EXP 	polygon_2: autoDraw = False
106.1388 	EXP 	text: autoDraw = True
106.1388 	EXP 	textbox: autoDraw = True
106.3728 	DATA 	Keypress: num_5
106.4227 	DATA 	Keypress: num_4
106.5068 	DATA 	Keypress: num_1
107.7791 	DATA 	Keypress: num_6
108.6062 	DATA 	Keypress: backspace
108.8060 	DATA 	Keypress: backspace
109.7638 	DATA 	Keypress: backspace
110.0981 	DATA 	Keypress: backspace
110.9290 	DATA 	Keypress: num_3
111.4595 	DATA 	Keypress: num_7
111.6566 	DATA 	Keypress: num_1
112.4392 	DATA 	Mouse: Left button down, pos=(707,156)
112.4407 	EXP 	New trial (rep=1, index=6): {'delay': 0.4, 'freq': 1000, 'condition': 'exp'}
112.4557 	EXP 	text: autoDraw = False
112.4557 	EXP 	textbox: autoDraw = False
112.4557 	EXP 	polygon: autoDraw = True
112.6586 	DATA 	Mouse:  Left button up, pos=(707,156)
113.4419 	EXP 	polygon_2: autoDraw = True
113.4597 	EXP 	polygon: autoDraw = False
114.1254 	DATA 	Keypress: space
114.1395 	EXP 	polygon: autoDraw = False
114.1395 	EXP 	polygon_2: autoDraw = False
114.8449 	EXP 	text: autoDraw = True
114.8449 	EXP 	textbox: autoDraw = True
115.1756 	DATA 	Keypress: num_2
115.2163 	DATA 	Keypress: num_1
115.2322 	DATA 	Keypress: num_3
115.3705 	DATA 	Keypress: num_3
116.1953 	DATA 	Keypress: backspace
116.9615 	DATA 	Mouse: Left button down, pos=(707,156)
116.9744 	EXP 	New trial (rep=1, index=7): {'delay': 0.1, 'freq': 1000, 'condition': 'exp'}
116.9892 	EXP 	text: autoDraw = False
116.9892 	EXP 	textbox: autoDraw = False
116.9892 	EXP 	polygon: autoDraw = True
117.1934 	DATA 	Mouse:  Left button up, pos=(707,156)
117.9760 	EXP 	polygon_2: autoDraw = True
117.9941 	EXP 	polygon: autoDraw = False
118.6085 	DATA 	Keypress: space
118.6227 	EXP 	polygon: autoDraw = False
118.6227 	EXP 	polygon_2: autoDraw = False
119.0427 	EXP 	text: autoDraw = True
119.0427 	EXP 	textbox: autoDraw = True
119.4398 	DATA 	Keypress: num_0
119.6282 	DATA 	Keypress: num_5
119.6398 	DATA 	Keypress: num_3
119.7897 	DATA 	Keypress: num_1
120.5999 	DATA 	Keypress: backspace
121.3678 	DATA 	Mouse: Left button down, pos=(707,156)
121.3768 	EXP 	New trial (rep=1, index=8): {'delay': 0.7, 'freq': 1000, 'condition': 'exp'}
121.3893 	EXP 	text: autoDraw = False
121.3893 	EXP 	textbox: autoDraw = False
121.3893 	EXP 	polygon: autoDraw = True
121.5921 	DATA 	Mouse:  Left button up, pos=(707,156)
122.3912 	EXP 	polygon: autoDraw = False
122.3912 	EXP 	polygon_2: autoDraw = True
123.3297 	DATA 	Keypress: num_5
123.7420 	DATA 	Keypress: space
123.7564 	EXP 	polygon: autoDraw = False
123.7564 	EXP 	polygon_2: autoDraw = False
124.7432 	EXP 	text: autoDraw = True
124.7432 	EXP 	textbox: autoDraw = True
125.2569 	DATA 	Keypress: num_5
126.6655 	DATA 	Keypress: backspace
127.1294 	DATA 	Keypress: num_9
127.3787 	DATA 	Keypress: num_4
128.1462 	DATA 	Mouse: Left button down, pos=(707,156)
128.1577 	EXP 	New trial (rep=1, index=9): {'delay': 0.1, 'freq': 1000, 'condition': 'exp'}
128.1729 	EXP 	text: autoDraw = False
128.1729 	EXP 	textbox: autoDraw = False
128.1729 	EXP 	polygon: autoDraw = True
128.3795 	DATA 	Mouse:  Left button up, pos=(707,156)
129.1566 	EXP 	polygon_2: autoDraw = True
129.1727 	EXP 	polygon: autoDraw = False
129.7482 	DATA 	Keypress: space
129.7589 	EXP 	polygon: autoDraw = False
129.7589 	EXP 	polygon_2: autoDraw = False
130.1639 	EXP 	text: autoDraw = True
130.1639 	EXP 	textbox: autoDraw = True
131.8570 	DATA 	Keypress: num_3
132.1066 	DATA 	Keypress: num_0
133.0740 	DATA 	Mouse: Left button down, pos=(707,156)
133.0756 	EXP 	New trial (rep=1, index=10): {'delay': 0.4, 'freq': 1000, 'condition': 'exp'}
133.0900 	EXP 	text: autoDraw = False
133.0900 	EXP 	textbox: autoDraw = False
133.0900 	EXP 	polygon: autoDraw = True
133.2918 	DATA 	Mouse:  Left button up, pos=(707,156)
134.0737 	EXP 	polygon_2: autoDraw = True
134.0905 	EXP 	polygon: autoDraw = False
135.0131 	DATA 	Keypress: space
135.0243 	EXP 	polygon: autoDraw = False
135.0243 	EXP 	polygon_2: autoDraw = False
135.7462 	EXP 	text: autoDraw = True
135.7462 	EXP 	textbox: autoDraw = True
136.2617 	DATA 	Keypress: num_4
136.7252 	DATA 	Keypress: return
137.8569 	DATA 	Keypress: backspace
138.4901 	DATA 	Keypress: num_9
138.4987 	DATA 	Keypress: num_8
139.3633 	DATA 	Mouse: Left button down, pos=(707,156)
139.3748 	EXP 	New trial (rep=1, index=11): {'delay': 0.4, 'freq': 400, 'condition': 'unexp'}
139.3900 	EXP 	text: autoDraw = False
139.3900 	EXP 	textbox: autoDraw = False
139.3900 	EXP 	polygon: autoDraw = True
139.5955 	DATA 	Mouse:  Left button up, pos=(707,156)
140.3258 	DATA 	Keypress: space
140.3901 	EXP 	polygon: autoDraw = False
140.3901 	EXP 	polygon_2: autoDraw = True
142.4304 	DATA 	Keypress: space
142.4406 	EXP 	polygon: autoDraw = False
142.4406 	EXP 	polygon_2: autoDraw = False
143.1590 	EXP 	text: autoDraw = True
143.1590 	EXP 	textbox: autoDraw = True
144.1237 	DATA 	Keypress: num_1
144.1313 	DATA 	Keypress: num_4
145.4613 	DATA 	Mouse: Left button down, pos=(707,156)
145.4725 	EXP 	New trial (rep=2, index=0): {'delay': 0.7, 'freq': 1000, 'condition': 'exp'}
145.4904 	EXP 	text: autoDraw = False
145.4904 	EXP 	textbox: autoDraw = False
145.4904 	EXP 	polygon: autoDraw = True
145.6989 	DATA 	Mouse:  Left button up, pos=(707,156)
146.4769 	EXP 	polygon_2: autoDraw = True
146.4918 	EXP 	polygon: autoDraw = False
147.5813 	DATA 	Keypress: space
147.5927 	EXP 	polygon: autoDraw = False
147.5927 	EXP 	polygon_2: autoDraw = False
148.5970 	EXP 	text: autoDraw = True
148.5970 	EXP 	textbox: autoDraw = True
149.5571 	DATA 	Keypress: num_3
149.8074 	DATA 	Keypress: num_8
151.1821 	DATA 	Mouse: Left button down, pos=(707,156)
151.1918 	EXP 	New trial (rep=2, index=1): {'delay': 0.1, 'freq': 1000, 'condition': 'exp'}
151.2066 	EXP 	text: autoDraw = False
151.2066 	EXP 	textbox: autoDraw = False
151.2066 	EXP 	polygon: autoDraw = True
151.4092 	DATA 	Mouse:  Left button up, pos=(707,156)
152.1919 	EXP 	polygon_2: autoDraw = True
152.2088 	EXP 	polygon: autoDraw = False
153.0481 	DATA 	Keypress: space
153.0584 	EXP 	polygon: autoDraw = False
153.0584 	EXP 	polygon_2: autoDraw = False
153.4738 	EXP 	text: autoDraw = True
153.4738 	EXP 	textbox: autoDraw = True
154.1310 	DATA 	Keypress: num_0
154.7628 	DATA 	Keypress: num_9
155.1128 	DATA 	Keypress: num_4
155.9877 	DATA 	Mouse: Left button down, pos=(707,156)
155.9977 	EXP 	New trial (rep=2, index=2): {'delay': 0.4, 'freq': 1000, 'condition': 'exp'}
156.0107 	EXP 	text: autoDraw = False
156.0107 	EXP 	textbox: autoDraw = False
156.0107 	EXP 	polygon: autoDraw = True
156.2302 	DATA 	Mouse:  Left button up, pos=(707,156)
157.0095 	EXP 	polygon: autoDraw = False
157.0095 	EXP 	polygon_2: autoDraw = True
157.8811 	DATA 	Keypress: space
157.8931 	EXP 	polygon: autoDraw = False
157.8931 	EXP 	polygon_2: autoDraw = False
158.6091 	EXP 	text: autoDraw = True
158.6091 	EXP 	textbox: autoDraw = True
160.1904 	DATA 	Keypress: num_1
160.4743 	DATA 	Keypress: num_0
160.8238 	DATA 	Keypress: num_7
161.5744 	DATA 	Mouse: Left button down, pos=(707,156)
161.5765 	EXP 	New trial (rep=2, index=3): {'delay': 0.7, 'freq': 1000, 'condition': 'exp'}
161.5907 	EXP 	text: autoDraw = False
161.5907 	EXP 	textbox: autoDraw = False
161.5907 	EXP 	polygon: autoDraw = True
161.7982 	DATA 	Mouse:  Left button up, pos=(707,156)
162.5757 	EXP 	polygon_2: autoDraw = True
162.5924 	EXP 	polygon: autoDraw = False
163.4456 	DATA 	Keypress: space
163.4581 	EXP 	polygon: autoDraw = False
163.4581 	EXP 	polygon_2: autoDraw = False
164.4723 	EXP 	text: autoDraw = True
164.4723 	EXP 	textbox: autoDraw = True
164.6556 	DATA 	Keypress: num_3
165.3911 	DATA 	Keypress: num_5
166.6476 	DATA 	Keypress: num_7
167.6769 	DATA 	Mouse: Left button down, pos=(707,156)
167.6853 	EXP 	New trial (rep=2, index=4): {'delay': 0.7, 'freq': 400, 'condition': 'unexp'}
167.7071 	EXP 	text: autoDraw = False
167.7071 	EXP 	textbox: autoDraw = False
167.7071 	EXP 	polygon: autoDraw = True
167.8976 	DATA 	Mouse:  Left button up, pos=(707,156)
168.6920 	EXP 	polygon_2: autoDraw = True
168.7091 	EXP 	polygon: autoDraw = False
169.1601 	DATA 	Keypress: space
169.1739 	EXP 	polygon: autoDraw = False
169.1739 	EXP 	polygon_2: autoDraw = False
170.1733 	EXP 	text: autoDraw = True
170.1733 	EXP 	textbox: autoDraw = True
171.0080 	DATA 	Keypress: num_9
171.3068 	DATA 	Keypress: num_0
171.7077 	DATA 	Keypress: num_5
171.9576 	DATA 	Keypress: num_4
172.6622 	DATA 	Keypress: backspace
173.5314 	DATA 	Mouse: Left button down, pos=(707,156)
173.5427 	EXP 	New trial (rep=2, index=5): {'delay': 0.1, 'freq': 1000, 'condition': 'exp'}
173.5570 	EXP 	text: autoDraw = False
173.5570 	EXP 	textbox: autoDraw = False
173.5570 	EXP 	polygon: autoDraw = True
173.7494 	DATA 	Mouse:  Left button up, pos=(707,156)
174.5426 	EXP 	polygon_2: autoDraw = True
174.5593 	EXP 	polygon: autoDraw = False
175.9307 	DATA 	Keypress: num_6
176.1779 	DATA 	Keypress: num_6
176.7996 	DATA 	Keypress: space
176.8258 	EXP 	polygon: autoDraw = False
176.8258 	EXP 	polygon_2: autoDraw = False
177.2313 	EXP 	text: autoDraw = True
177.2313 	EXP 	textbox: autoDraw = True
177.7032 	DATA 	Keypress: num_6
178.1915 	DATA 	Keypress: lshift
178.4746 	DATA 	Keypress: num_0
178.7523 	DATA 	Keypress: num_4
179.6643 	DATA 	Mouse: Left button down, pos=(707,156)
179.6762 	EXP 	New trial (rep=2, index=6): {'delay': 0.1, 'freq': 1000, 'condition': 'exp'}
179.6909 	EXP 	text: autoDraw = False
179.6909 	EXP 	textbox: autoDraw = False
179.6909 	EXP 	polygon: autoDraw = True
179.9098 	DATA 	Mouse:  Left button up, pos=(707,156)
180.6908 	EXP 	polygon: autoDraw = False
180.6908 	EXP 	polygon_2: autoDraw = True
181.6186 	DATA 	Keypress: space
181.6289 	EXP 	polygon: autoDraw = False
181.6289 	EXP 	polygon_2: autoDraw = False
182.0443 	EXP 	text: autoDraw = True
182.0443 	EXP 	textbox: autoDraw = True
182.8809 	DATA 	Keypress: num_5
183.4137 	DATA 	Keypress: num_7
183.9849 	DATA 	Keypress: num_1
184.9743 	DATA 	Keypress: backspace
185.1251 	DATA 	Keypress: backspace
185.8192 	DATA 	Keypress: num_1
186.0410 	DATA 	Keypress: num_4
186.7915 	DATA 	Mouse: Left button down, pos=(707,156)
186.7930 	EXP 	New trial (rep=2, index=7): {'delay': 0.4, 'freq': 400, 'condition': 'unexp'}
186.8079 	EXP 	text: autoDraw = False
186.8079 	EXP 	textbox: autoDraw = False
186.8079 	EXP 	polygon: autoDraw = True
187.0274 	DATA 	Mouse:  Left button up, pos=(707,156)
187.8076 	EXP 	polygon: autoDraw = False
187.8076 	EXP 	polygon_2: autoDraw = True
188.5619 	DATA 	Keypress: space
188.5751 	EXP 	polygon: autoDraw = False
188.5751 	EXP 	polygon_2: autoDraw = False
189.2797 	EXP 	text: autoDraw = True
189.2797 	EXP 	textbox: autoDraw = True
189.7246 	DATA 	Keypress: num_8
189.7411 	DATA 	Keypress: num_7
191.1815 	DATA 	Keypress: backspace
191.3265 	DATA 	Keypress: backspace
192.7750 	DATA 	Keypress: num_1
193.0085 	DATA 	Keypress: num_6
193.7251 	DATA 	Mouse: Left button down, pos=(707,156)
193.7267 	EXP 	New trial (rep=2, index=8): {'delay': 0.4, 'freq': 1000, 'condition': 'exp'}
193.7415 	EXP 	text: autoDraw = False
193.7415 	EXP 	textbox: autoDraw = False
193.7415 	EXP 	polygon: autoDraw = True
193.9438 	DATA 	Mouse:  Left button up, pos=(707,156)
194.7412 	EXP 	polygon: autoDraw = False
194.7412 	EXP 	polygon_2: autoDraw = True
196.0936 	DATA 	Keypress: space
196.1077 	EXP 	polygon: autoDraw = False
196.1077 	EXP 	polygon_2: autoDraw = False
196.8254 	EXP 	text: autoDraw = True
196.8254 	EXP 	textbox: autoDraw = True
197.5316 	DATA 	Keypress: num_1
197.5514 	DATA 	Keypress: num_5
198.6751 	DATA 	Mouse: Left button down, pos=(707,156)
198.6769 	EXP 	New trial (rep=2, index=9): {'delay': 0.7, 'freq': 1000, 'condition': 'exp'}
198.6918 	EXP 	text: autoDraw = False
198.6918 	EXP 	textbox: autoDraw = False
198.6918 	EXP 	polygon: autoDraw = True
198.9109 	DATA 	Mouse:  Left button up, pos=(707,156)
199.6766 	EXP 	polygon_2: autoDraw = True
199.6933 	EXP 	polygon: autoDraw = False
200.5613 	DATA 	Keypress: space
200.5749 	EXP 	polygon: autoDraw = False
200.5749 	EXP 	polygon_2: autoDraw = False
201.5621 	EXP 	text: autoDraw = True
201.5621 	EXP 	textbox: autoDraw = True
201.9773 	DATA 	Keypress: num_3
202.1852 	DATA 	Keypress: num_1
202.8918 	DATA 	Keypress: num_4
204.9097 	DATA 	Keypress: backspace
205.1870 	DATA 	Keypress: num_7
205.9483 	DATA 	Mouse: Left button down, pos=(707,156)
205.9597 	EXP 	New trial (rep=2, index=10): {'delay': 0.4, 'freq': 1000, 'condition': 'exp'}
205.9751 	EXP 	text: autoDraw = False
205.9751 	EXP 	textbox: autoDraw = False
205.9751 	EXP 	polygon: autoDraw = True
206.1795 	DATA 	Mouse:  Left button up, pos=(707,156)
206.9581 	EXP 	polygon_2: autoDraw = True
206.9748 	EXP 	polygon: autoDraw = False
207.5977 	DATA 	Keypress: space
207.6095 	EXP 	polygon: autoDraw = False
207.6095 	EXP 	polygon_2: autoDraw = False
208.3276 	EXP 	text: autoDraw = True
208.3276 	EXP 	textbox: autoDraw = True
210.0126 	DATA 	Keypress: num_8
210.2804 	DATA 	Keypress: num_4
211.7314 	DATA 	Keypress: backspace
212.7757 	DATA 	Keypress: num_1
213.0822 	DATA 	Keypress: num_0
213.7158 	DATA 	Mouse: Left button down, pos=(707,156)
213.7273 	EXP 	New trial (rep=2, index=11): {'delay': 0.1, 'freq': 400, 'condition': 'unexp'}
213.7421 	EXP 	text: autoDraw = False
213.7421 	EXP 	textbox: autoDraw = False
213.7421 	EXP 	polygon: autoDraw = True
213.9319 	DATA 	Mouse:  Left button up, pos=(707,156)
214.7421 	EXP 	polygon: autoDraw = False
214.7421 	EXP 	polygon_2: autoDraw = True
215.3293 	DATA 	Keypress: space
215.3423 	EXP 	polygon: autoDraw = False
215.3423 	EXP 	polygon_2: autoDraw = False
215.7582 	EXP 	text: autoDraw = True
215.7582 	EXP 	textbox: autoDraw = True
216.9621 	DATA 	Keypress: num_9
217.0481 	DATA 	Keypress: num_8
217.6258 	DATA 	Keypress: num_1
218.6482 	DATA 	Keypress: backspace
219.1526 	DATA 	Keypress: num_1
219.4420 	DATA 	Keypress: num_1
219.6643 	DATA 	Keypress: num_1
220.1202 	DATA 	Keypress: backspace
220.2632 	DATA 	Keypress: backspace
220.4423 	DATA 	Keypress: backspace
220.5925 	DATA 	Keypress: backspace
221.5092 	DATA 	Keypress: num_7
221.7240 	DATA 	Keypress: num_4
222.5434 	DATA 	Mouse: Left button down, pos=(707,156)
222.5462 	EXP 	New trial (rep=3, index=0): {'delay': 0.7, 'freq': 400, 'condition': 'unexp'}
222.5584 	EXP 	text: autoDraw = False
222.5584 	EXP 	textbox: autoDraw = False
222.5584 	EXP 	polygon: autoDraw = True
222.7784 	DATA 	Mouse:  Left button up, pos=(707,156)
223.5614 	EXP 	polygon: autoDraw = False
223.5614 	EXP 	polygon_2: autoDraw = True
224.4111 	DATA 	Keypress: space
224.4423 	EXP 	polygon: autoDraw = False
224.4423 	EXP 	polygon_2: autoDraw = False
225.4462 	EXP 	text: autoDraw = True
225.4462 	EXP 	textbox: autoDraw = True
226.3762 	DATA 	Keypress: num_3
226.6314 	DATA 	Keypress: num_4
226.9474 	DATA 	Keypress: lshift
228.0349 	DATA 	Keypress: num_7
229.2521 	DATA 	Mouse: Left button down, pos=(707,156)
229.2614 	EXP 	New trial (rep=3, index=1): {'delay': 0.1, 'freq': 1000, 'condition': 'exp'}
229.2752 	EXP 	text: autoDraw = False
229.2752 	EXP 	textbox: autoDraw = False
229.2752 	EXP 	polygon: autoDraw = True
229.4783 	DATA 	Mouse:  Left button up, pos=(707,156)
230.2604 	EXP 	polygon_2: autoDraw = True
230.2779 	EXP 	polygon: autoDraw = False
231.3466 	DATA 	Keypress: space
231.3594 	EXP 	polygon: autoDraw = False
231.3594 	EXP 	polygon_2: autoDraw = False
231.7601 	EXP 	text: autoDraw = True
231.7601 	EXP 	textbox: autoDraw = True
232.9594 	DATA 	Keypress: num_4
233.6359 	DATA 	Keypress: num_1
234.1733 	DATA 	Keypress: num_0
234.5197 	DATA 	Keypress: space
235.7599 	DATA 	Mouse: Left button down, pos=(707,156)
235.7618 	EXP 	New trial (rep=3, index=2): {'delay': 0.7, 'freq': 1000, 'condition': 'exp'}
235.7759 	EXP 	text: autoDraw = False
235.7759 	EXP 	textbox: autoDraw = False
235.7759 	EXP 	polygon: autoDraw = True
235.9791 	DATA 	Mouse:  Left button up, pos=(707,156)
236.7606 	EXP 	polygon_2: autoDraw = True
236.7781 	EXP 	polygon: autoDraw = False
239.0346 	DATA 	Keypress: space
239.0451 	EXP 	polygon: autoDraw = False
239.0451 	EXP 	polygon_2: autoDraw = False
240.0642 	EXP 	text: autoDraw = True
240.0642 	EXP 	textbox: autoDraw = True
240.6989 	DATA 	Keypress: num_1
240.9320 	DATA 	Keypress: num_3
240.9502 	DATA 	Keypress: num_5
241.8651 	DATA 	Mouse: Left button down, pos=(707,156)
241.8776 	EXP 	New trial (rep=3, index=3): {'delay': 0.1, 'freq': 1000, 'condition': 'exp'}
241.8925 	EXP 	text: autoDraw = False
241.8925 	EXP 	textbox: autoDraw = False
241.8925 	EXP 	polygon: autoDraw = True
242.0783 	DATA 	Mouse:  Left button up, pos=(707,156)
242.8780 	EXP 	polygon_2: autoDraw = True
242.8941 	EXP 	polygon: autoDraw = False
244.3180 	DATA 	Keypress: space
244.3295 	EXP 	polygon: autoDraw = False
244.3295 	EXP 	polygon_2: autoDraw = False
244.7450 	EXP 	text: autoDraw = True
244.7450 	EXP 	textbox: autoDraw = True
246.1154 	DATA 	Keypress: num_5
246.2928 	DATA 	Keypress: num_7
246.6432 	DATA 	Keypress: num_3
247.3253 	DATA 	Mouse: Left button down, pos=(707,156)
247.3279 	EXP 	New trial (rep=3, index=4): {'delay': 0.1, 'freq': 1000, 'condition': 'exp'}
247.3425 	EXP 	text: autoDraw = False
247.3425 	EXP 	textbox: autoDraw = False
247.3425 	EXP 	polygon: autoDraw = True
247.5618 	DATA 	Mouse:  Left button up, pos=(707,156)
248.3430 	EXP 	polygon: autoDraw = False
248.3430 	EXP 	polygon_2: autoDraw = True
248.6006 	DATA 	Keypress: space
248.6120 	EXP 	polygon: autoDraw = False
248.6120 	EXP 	polygon_2: autoDraw = False
249.0110 	EXP 	text: autoDraw = True
249.0110 	EXP 	textbox: autoDraw = True
249.7254 	DATA 	Keypress: num_2
249.9660 	DATA 	Keypress: num_3
250.7047 	DATA 	Mouse: Left button down, pos=(707,156)
250.7149 	EXP 	New trial (rep=3, index=5): {'delay': 0.4, 'freq': 400, 'condition': 'unexp'}
250.7271 	EXP 	text: autoDraw = False
250.7271 	EXP 	textbox: autoDraw = False
250.7271 	EXP 	polygon: autoDraw = True
250.9154 	DATA 	Mouse:  Left button up, pos=(707,156)
251.7277 	EXP 	polygon: autoDraw = False
251.7277 	EXP 	polygon_2: autoDraw = True
252.6290 	DATA 	Keypress: space
252.6425 	EXP 	polygon: autoDraw = False
252.6425 	EXP 	polygon_2: autoDraw = False
253.3479 	EXP 	text: autoDraw = True
253.3479 	EXP 	textbox: autoDraw = True
254.0336 	DATA 	Keypress: num_1
254.3495 	DATA 	Keypress: num_3
255.9818 	DATA 	Keypress: num_0
256.7624 	DATA 	Mouse: Left button down, pos=(707,156)
256.7743 	EXP 	New trial (rep=3, index=6): {'delay': 0.1, 'freq': 400, 'condition': 'unexp'}
256.7936 	EXP 	text: autoDraw = False
256.7936 	EXP 	textbox: autoDraw = False
256.7936 	EXP 	polygon: autoDraw = True
256.9795 	DATA 	Mouse:  Left button up, pos=(707,156)
257.7778 	EXP 	polygon_2: autoDraw = True
257.7942 	EXP 	polygon: autoDraw = False
258.7669 	DATA 	Keypress: space
258.7779 	EXP 	polygon: autoDraw = False
258.7779 	EXP 	polygon_2: autoDraw = False
259.2002 	EXP 	text: autoDraw = True
259.2002 	EXP 	textbox: autoDraw = True
259.6770 	DATA 	Keypress: num_9
259.9767 	DATA 	Keypress: num_4
261.1027 	DATA 	Mouse: Left button down, pos=(707,156)
261.1042 	EXP 	New trial (rep=3, index=7): {'delay': 0.7, 'freq': 1000, 'condition': 'exp'}
261.1259 	EXP 	text: autoDraw = False
261.1259 	EXP 	textbox: autoDraw = False
261.1259 	EXP 	polygon: autoDraw = True
261.3340 	DATA 	Mouse:  Left button up, pos=(707,156)
262.1101 	EXP 	polygon_2: autoDraw = True
262.1264 	EXP 	polygon: autoDraw = False
262.6618 	DATA 	Keypress: space
262.6760 	EXP 	polygon: autoDraw = False
262.6760 	EXP 	polygon_2: autoDraw = False
263.6920 	EXP 	text: autoDraw = True
263.6920 	EXP 	textbox: autoDraw = True
264.1743 	DATA 	Keypress: num_0
265.9935 	DATA 	Mouse: Left button down, pos=(707,156)
265.9949 	EXP 	New trial (rep=3, index=8): {'delay': 0.4, 'freq': 1000, 'condition': 'exp'}
266.0102 	EXP 	text: autoDraw = False
266.0102 	EXP 	textbox: autoDraw = False
266.0102 	EXP 	polygon: autoDraw = True
266.2166 	DATA 	Mouse:  Left button up, pos=(707,156)
266.9980 	EXP 	polygon_2: autoDraw = True
267.0116 	EXP 	polygon: autoDraw = False
267.9021 	DATA 	Keypress: space
267.9126 	EXP 	polygon: autoDraw = False
267.9126 	EXP 	polygon_2: autoDraw = False
268.6267 	EXP 	text: autoDraw = True
268.6267 	EXP 	textbox: autoDraw = True
270.0763 	DATA 	Keypress: num_6
270.4437 	DATA 	Keypress: num_5
271.5606 	DATA 	Mouse: Left button down, pos=(707,156)
271.5622 	EXP 	New trial (rep=3, index=9): {'delay': 0.7, 'freq': 1000, 'condition': 'exp'}
271.5766 	EXP 	text: autoDraw = False
271.5766 	EXP 	textbox: autoDraw = False
271.5766 	EXP 	polygon: autoDraw = True
271.7845 	DATA 	Mouse:  Left button up, pos=(707,156)
272.5646 	EXP 	polygon_2: autoDraw = True
272.5805 	EXP 	polygon: autoDraw = False
273.7330 	DATA 	Keypress: space
273.7602 	EXP 	polygon: autoDraw = False
273.7602 	EXP 	polygon_2: autoDraw = False
274.7654 	EXP 	text: autoDraw = True
274.7654 	EXP 	textbox: autoDraw = True
276.4338 	DATA 	Keypress: num_8
277.2017 	DATA 	Keypress: num_9
278.1376 	DATA 	Mouse: Left button down, pos=(707,156)
278.1485 	EXP 	New trial (rep=3, index=10): {'delay': 0.4, 'freq': 1000, 'condition': 'exp'}
278.1605 	EXP 	text: autoDraw = False
278.1605 	EXP 	textbox: autoDraw = False
278.1605 	EXP 	polygon: autoDraw = True
278.3630 	DATA 	Mouse:  Left button up, pos=(707,156)
279.1611 	EXP 	polygon: autoDraw = False
279.1611 	EXP 	polygon_2: autoDraw = True
280.1487 	DATA 	Keypress: space
280.1611 	EXP 	polygon: autoDraw = False
280.1611 	EXP 	polygon_2: autoDraw = False
280.8762 	EXP 	text: autoDraw = True
280.8762 	EXP 	textbox: autoDraw = True
281.1648 	DATA 	Keypress: num_9
281.3504 	DATA 	Keypress: num_9
282.2482 	DATA 	Mouse: Left button down, pos=(707,156)
282.2589 	EXP 	New trial (rep=3, index=11): {'delay': 0.4, 'freq': 1000, 'condition': 'exp'}
282.2771 	EXP 	text: autoDraw = False
282.2771 	EXP 	textbox: autoDraw = False
282.2771 	EXP 	polygon: autoDraw = True
282.4700 	DATA 	Mouse:  Left button up, pos=(707,156)
283.2622 	EXP 	polygon_2: autoDraw = True
283.2790 	EXP 	polygon: autoDraw = False
285.6850 	DATA 	Keypress: space
285.6964 	EXP 	polygon: autoDraw = False
285.6964 	EXP 	polygon_2: autoDraw = False
286.4134 	EXP 	text: autoDraw = True
286.4134 	EXP 	textbox: autoDraw = True
287.3827 	DATA 	Keypress: num_1
288.6001 	DATA 	Keypress: num_0
289.0102 	DATA 	Keypress: num_5
290.0775 	DATA 	Mouse: Left button down, pos=(707,156)
290.0790 	EXP 	New trial (rep=4, index=0): {'delay': 0.1, 'freq': 400, 'condition': 'unexp'}
290.0944 	EXP 	text: autoDraw = False
290.0944 	EXP 	textbox: autoDraw = False
290.0944 	EXP 	polygon: autoDraw = True
290.2968 	DATA 	Mouse:  Left button up, pos=(707,156)
291.0794 	EXP 	polygon_2: autoDraw = True
291.0958 	EXP 	polygon: autoDraw = False
291.8356 	DATA 	Keypress: space
291.8462 	EXP 	polygon: autoDraw = False
291.8462 	EXP 	polygon_2: autoDraw = False
292.2660 	EXP 	text: autoDraw = True
292.2660 	EXP 	textbox: autoDraw = True
293.1277 	DATA 	Keypress: num_6
293.3277 	DATA 	Keypress: num_1
294.1178 	DATA 	Mouse: Left button down, pos=(707,156)
294.1289 	EXP 	New trial (rep=4, index=1): {'delay': 0.7, 'freq': 1000, 'condition': 'exp'}
294.1441 	EXP 	text: autoDraw = False
294.1441 	EXP 	textbox: autoDraw = False
294.1441 	EXP 	polygon: autoDraw = True
294.3474 	DATA 	Mouse:  Left button up, pos=(707,156)
295.1285 	EXP 	polygon_2: autoDraw = True
295.1456 	EXP 	polygon: autoDraw = False
295.6004 	DATA 	Keypress: space
295.6122 	EXP 	polygon: autoDraw = False
295.6122 	EXP 	polygon_2: autoDraw = False
296.6280 	EXP 	text: autoDraw = True
296.6280 	EXP 	textbox: autoDraw = True
297.0190 	DATA 	Keypress: num_5
297.8213 	DATA 	Keypress: num_8
297.8435 	DATA 	Keypress: num_add
298.8350 	DATA 	Keypress: backspace
299.5834 	DATA 	Mouse: Left button down, pos=(707,156)
299.5968 	EXP 	New trial (rep=4, index=2): {'delay': 0.7, 'freq': 1000, 'condition': 'exp'}
299.6106 	EXP 	text: autoDraw = False
299.6106 	EXP 	textbox: autoDraw = False
299.6106 	EXP 	polygon: autoDraw = True
299.7973 	DATA 	Mouse:  Left button up, pos=(707,156)
300.6109 	EXP 	polygon: autoDraw = False
300.6109 	EXP 	polygon_2: autoDraw = True
301.8968 	DATA 	Keypress: space
301.9110 	EXP 	polygon: autoDraw = False
301.9110 	EXP 	polygon_2: autoDraw = False
302.9280 	EXP 	text: autoDraw = True
302.9280 	EXP 	textbox: autoDraw = True
303.1189 	DATA 	Keypress: num_6
303.3848 	DATA 	Keypress: num_7
304.0118 	DATA 	Mouse: Left button down, pos=(707,156)
304.0136 	EXP 	New trial (rep=4, index=3): {'delay': 0.7, 'freq': 1000, 'condition': 'exp'}
304.0276 	EXP 	text: autoDraw = False
304.0276 	EXP 	textbox: autoDraw = False
304.0276 	EXP 	polygon: autoDraw = True
304.2477 	DATA 	Mouse:  Left button up, pos=(707,156)
305.0277 	EXP 	polygon: autoDraw = False
305.0277 	EXP 	polygon_2: autoDraw = True
305.5011 	DATA 	Keypress: space
305.5127 	EXP 	polygon: autoDraw = False
305.5127 	EXP 	polygon_2: autoDraw = False
306.5197 	EXP 	text: autoDraw = True
306.5197 	EXP 	textbox: autoDraw = True
306.9509 	DATA 	Keypress: num_1
307.1947 	DATA 	Keypress: num_0
307.4556 	DATA 	Keypress: num_9
308.3169 	DATA 	Mouse: Left button down, pos=(707,156)
308.3293 	EXP 	New trial (rep=4, index=4): {'delay': 0.7, 'freq': 400, 'condition': 'unexp'}
308.3440 	EXP 	text: autoDraw = False
308.3440 	EXP 	textbox: autoDraw = False
308.3440 	EXP 	polygon: autoDraw = True
308.5294 	DATA 	Mouse:  Left button up, pos=(707,156)
309.3299 	EXP 	polygon_2: autoDraw = True
309.3467 	EXP 	polygon: autoDraw = False
310.2690 	DATA 	Keypress: space
310.2798 	EXP 	polygon: autoDraw = False
310.2798 	EXP 	polygon_2: autoDraw = False
311.2971 	EXP 	text: autoDraw = True
311.2971 	EXP 	textbox: autoDraw = True
311.9951 	DATA 	Keypress: num_4
312.3216 	DATA 	Keypress: num_5
312.9044 	DATA 	Keypress: num_0
313.7646 	DATA 	Mouse: Left button down, pos=(707,156)
313.7672 	EXP 	New trial (rep=4, index=5): {'delay': 0.4, 'freq': 1000, 'condition': 'exp'}
313.7784 	EXP 	text: autoDraw = False
313.7784 	EXP 	textbox: autoDraw = False
313.7784 	EXP 	polygon: autoDraw = True
313.9988 	DATA 	Mouse:  Left button up, pos=(707,156)
314.7786 	EXP 	polygon: autoDraw = False
314.7786 	EXP 	polygon_2: autoDraw = True
315.7147 	DATA 	Keypress: space
315.7288 	EXP 	polygon: autoDraw = False
315.7288 	EXP 	polygon_2: autoDraw = False
316.4474 	EXP 	text: autoDraw = True
316.4474 	EXP 	textbox: autoDraw = True
316.6345 	DATA 	Keypress: num_2
316.8943 	DATA 	Keypress: num_0
317.1960 	DATA 	Keypress: num_4
318.2856 	DATA 	Mouse: Left button down, pos=(707,156)
318.2878 	EXP 	New trial (rep=4, index=6): {'delay': 0.1, 'freq': 1000, 'condition': 'exp'}
318.3102 	EXP 	text: autoDraw = False
318.3102 	EXP 	textbox: autoDraw = False
318.3102 	EXP 	polygon: autoDraw = True
318.5138 	DATA 	Mouse:  Left button up, pos=(707,156)
319.2959 	EXP 	polygon_2: autoDraw = True
319.3131 	EXP 	polygon: autoDraw = False
319.8990 	DATA 	Keypress: space
319.9122 	EXP 	polygon: autoDraw = False
319.9122 	EXP 	polygon_2: autoDraw = False
320.3154 	EXP 	text: autoDraw = True
320.3154 	EXP 	textbox: autoDraw = True
320.6010 	DATA 	Keypress: num_5
320.7947 	DATA 	Keypress: num_5
321.5808 	DATA 	Mouse: Left button down, pos=(707,156)
321.5826 	EXP 	New trial (rep=4, index=7): {'delay': 0.4, 'freq': 400, 'condition': 'unexp'}
321.5956 	EXP 	text: autoDraw = False
321.5956 	EXP 	textbox: autoDraw = False
321.5956 	EXP 	polygon: autoDraw = True
321.8141 	DATA 	Mouse:  Left button up, pos=(707,156)
322.5963 	EXP 	polygon: autoDraw = False
322.5963 	EXP 	polygon_2: autoDraw = True
323.8491 	DATA 	Keypress: space
323.8612 	EXP 	polygon: autoDraw = False
323.8612 	EXP 	polygon_2: autoDraw = False
324.5632 	EXP 	text: autoDraw = True
324.5632 	EXP 	textbox: autoDraw = True
325.6346 	DATA 	Keypress: num_1
326.0415 	DATA 	Keypress: num_2
326.4705 	DATA 	Keypress: num_5
327.1942 	DATA 	Mouse: Left button down, pos=(707,156)
327.1963 	EXP 	New trial (rep=4, index=8): {'delay': 0.1, 'freq': 1000, 'condition': 'exp'}
327.2113 	EXP 	text: autoDraw = False
327.2113 	EXP 	textbox: autoDraw = False
327.2113 	EXP 	polygon: autoDraw = True
327.4141 	DATA 	Mouse:  Left button up, pos=(707,156)
328.1950 	EXP 	polygon_2: autoDraw = True
328.2120 	EXP 	polygon: autoDraw = False
328.8690 	DATA 	Keypress: space
328.8802 	EXP 	polygon: autoDraw = False
328.8802 	EXP 	polygon_2: autoDraw = False
329.2847 	EXP 	text: autoDraw = True
329.2847 	EXP 	textbox: autoDraw = True
329.8616 	DATA 	Keypress: num_3
330.2176 	DATA 	Keypress: num_4
330.5112 	DATA 	Keypress: num_1
331.3686 	DATA 	Mouse: Left button down, pos=(707,156)
331.3800 	EXP 	New trial (rep=4, index=9): {'delay': 0.1, 'freq': 1000, 'condition': 'exp'}
331.3951 	EXP 	text: autoDraw = False
331.3951 	EXP 	textbox: autoDraw = False
331.3951 	EXP 	polygon: autoDraw = True
331.5971 	DATA 	Mouse:  Left button up, pos=(707,156)
332.3798 	EXP 	polygon_2: autoDraw = True
332.3965 	EXP 	polygon: autoDraw = False
333.0013 	DATA 	Keypress: space
333.0305 	EXP 	polygon: autoDraw = False
333.0305 	EXP 	polygon_2: autoDraw = False
333.4434 	EXP 	text: autoDraw = True
333.4434 	EXP 	textbox: autoDraw = True
334.3001 	DATA 	Keypress: num_1
334.7752 	DATA 	Keypress: num_6
334.7840 	DATA 	Keypress: num_8
335.7845 	DATA 	Mouse: Left button down, pos=(707,156)
335.7970 	EXP 	New trial (rep=4, index=10): {'delay': 0.4, 'freq': 1000, 'condition': 'exp'}
335.8118 	EXP 	text: autoDraw = False
335.8118 	EXP 	textbox: autoDraw = False
335.8118 	EXP 	polygon: autoDraw = True
336.0135 	DATA 	Mouse:  Left button up, pos=(707,156)
336.7966 	EXP 	polygon_2: autoDraw = True
336.8131 	EXP 	polygon: autoDraw = False
337.7856 	DATA 	Keypress: space
337.7971 	EXP 	polygon: autoDraw = False
337.7971 	EXP 	polygon_2: autoDraw = False
338.5179 	EXP 	text: autoDraw = True
338.5179 	EXP 	textbox: autoDraw = True
339.0437 	DATA 	Keypress: num_4
339.7288 	DATA 	Keypress: num_0
340.4471 	DATA 	Mouse: Left button down, pos=(707,156)
340.4560 	EXP 	New trial (rep=4, index=11): {'delay': 0.4, 'freq': 1000, 'condition': 'exp'}
340.4769 	EXP 	text: autoDraw = False
340.4769 	EXP 	textbox: autoDraw = False
340.4769 	EXP 	polygon: autoDraw = True
340.6645 	DATA 	Mouse:  Left button up, pos=(707,156)
341.4618 	EXP 	polygon_2: autoDraw = True
341.4785 	EXP 	polygon: autoDraw = False
342.2857 	DATA 	Keypress: space
342.2966 	EXP 	polygon: autoDraw = False
342.2966 	EXP 	polygon_2: autoDraw = False
343.0177 	EXP 	text: autoDraw = True
343.0177 	EXP 	textbox: autoDraw = True
343.3789 	DATA 	Keypress: num_8
343.5192 	DATA 	Keypress: num_5
344.4955 	DATA 	Mouse: Left button down, pos=(707,156)
344.5118 	EXP 	text: autoDraw = False
344.5118 	EXP 	textbox: autoDraw = False
344.6422 	EXP 	window1: mouseVisible = True
